2024-12-05 16:10:35,853 [INFO] Activator:176 - 


2024-12-05 16:10:35,866 [INFO] Activator:177 - !SESSION log4j initialized
2024-12-05 16:10:47,417 [INFO] LogOutputStream:77 - [STDOUT_REDIRECT] 
2024-12-05 16:11:35,594 [INFO] ApplicationProperties:184 - Using Application install path: C:\ST\STM32CubeIDE_1.16.1\STM32CubeIDE\plugins\com.st.stm32cube.common.mx_6.13.0.202411220809
2024-12-05 16:11:35,643 [INFO] DbMcusXml:78 - Set database path to: C:\ST\STM32CubeIDE_1.16.1\STM32CubeIDE\plugins\com.st.stm32cube.common.mx_6.13.0.202411220809\\db\/mcu/
2024-12-05 16:11:35,644 [INFO] ApiDb:274 - Set plugin database path to: C:\ST\STM32CubeIDE_1.16.1\STM32CubeIDE\plugins\com.st.stm32cube.common.mx_6.13.0.202411220809\\db\/plugins/boardmanager/
2024-12-05 16:11:35,649 [WARN] ApiDb:259 - Overriding images path with different value:  => C:\ST\STM32CubeIDE_1.16.1\STM32CubeIDE\plugins\com.st.stm32cube.common.mx_6.13.0.202411220809\\db\/plugins/mcufinder/images/
2024-12-05 16:11:35,664 [INFO] ApiDb:250 - Set database path to: C:\Users\ift70\.stmcufinder\plugins\mcufinder//mcu/
2024-12-05 16:11:35,664 [INFO] DbMcusAds:125 - Set database path to: C:\Users\ift70\.stmcufinder\plugins\mcufinder//mcu/
2024-12-05 16:11:36,104 [INFO] CrossReferenceDbSqlite:203 - Set database path to: C:\Users\ift70\.stmcufinder\plugins\mcufinder//mcu/cs/
2024-12-05 16:11:36,458 [INFO] RulesReader:64 - Compatibility file has been processed (297 Rules)
2024-12-05 16:11:36,675 [INFO] DbMcusXml:78 - Set database path to: C:\ST\STM32CubeIDE_1.16.1\STM32CubeIDE\plugins\com.st.stm32cube.common.mx_6.13.0.202411220809\\db\/mcu/
2024-12-05 16:11:36,676 [INFO] ApiDb:274 - Set plugin database path to: C:\ST\STM32CubeIDE_1.16.1\STM32CubeIDE\plugins\com.st.stm32cube.common.mx_6.13.0.202411220809\\db\/plugins/boardmanager/
2024-12-05 16:11:36,676 [INFO] ApiDb:261 - Set plugin images path to: C:\ST\STM32CubeIDE_1.16.1\STM32CubeIDE\plugins\com.st.stm32cube.common.mx_6.13.0.202411220809\\db\/plugins/mcufinder/images/
2024-12-05 16:11:36,676 [WARN] DbFile:41 - Overriding database path with different value: C:\Users\ift70\.stmcufinder\plugins\mcufinder/ => C:\Users\ift70\.stmcufinder\plugins\mcufinder
2024-12-05 16:11:36,678 [INFO] ApiDb:250 - Set database path to: C:\Users\ift70\.stmcufinder\plugins\mcufinder//mcu/
2024-12-05 16:11:36,678 [WARN] DbFile:41 - Overriding database path with different value: C:\Users\ift70\.stmcufinder\plugins\mcufinder/ => C:\Users\ift70\.stmcufinder\plugins\mcufinder
2024-12-05 16:11:36,678 [INFO] DbMcusAds:125 - Set database path to: C:\Users\ift70\.stmcufinder\plugins\mcufinder//mcu/
2024-12-05 16:11:36,678 [WARN] DbFile:41 - Overriding database path with different value: C:\Users\ift70\.stmcufinder\plugins\mcufinder/ => C:\Users\ift70\.stmcufinder\plugins\mcufinder
2024-12-05 16:11:36,679 [WARN] DbFile:41 - Overriding database path with different value: C:\Users\ift70\.stmcufinder\plugins\mcufinder/ => C:\Users\ift70\.stmcufinder\plugins\mcufinder
2024-12-05 16:11:36,679 [INFO] CrossReferenceDbSqlite:203 - Set database path to: C:\Users\ift70\.stmcufinder\plugins\mcufinder//mcu/cs/
2024-12-05 16:11:36,886 [INFO] MainPanel:272 - HeapMemory: 597688320
2024-12-05 16:11:37,144 [INFO] DbMcusXml:78 - Set database path to: C:\ST\STM32CubeIDE_1.16.1\STM32CubeIDE\plugins\com.st.stm32cube.common.mx_6.13.0.202411220809\\db\/mcu/
2024-12-05 16:11:37,145 [INFO] ApiDb:274 - Set plugin database path to: C:\ST\STM32CubeIDE_1.16.1\STM32CubeIDE\plugins\com.st.stm32cube.common.mx_6.13.0.202411220809\\db\/plugins/boardmanager/
2024-12-05 16:11:37,145 [INFO] ApiDb:261 - Set plugin images path to: C:\ST\STM32CubeIDE_1.16.1\STM32CubeIDE\plugins\com.st.stm32cube.common.mx_6.13.0.202411220809\\db\/plugins/mcufinder/images/
2024-12-05 16:11:37,147 [WARN] DbFile:41 - Overriding database path with different value: C:\Users\ift70\.stmcufinder\plugins\mcufinder/ => C:\Users\ift70\.stmcufinder\plugins\mcufinder
2024-12-05 16:11:37,147 [INFO] ApiDb:250 - Set database path to: C:\Users\ift70\.stmcufinder\plugins\mcufinder//mcu/
2024-12-05 16:11:37,147 [WARN] DbFile:41 - Overriding database path with different value: C:\Users\ift70\.stmcufinder\plugins\mcufinder/ => C:\Users\ift70\.stmcufinder\plugins\mcufinder
2024-12-05 16:11:37,148 [INFO] DbMcusAds:125 - Set database path to: C:\Users\ift70\.stmcufinder\plugins\mcufinder//mcu/
2024-12-05 16:11:37,148 [WARN] DbFile:41 - Overriding database path with different value: C:\Users\ift70\.stmcufinder\plugins\mcufinder/ => C:\Users\ift70\.stmcufinder\plugins\mcufinder
2024-12-05 16:11:37,148 [WARN] DbFile:41 - Overriding database path with different value: C:\Users\ift70\.stmcufinder\plugins\mcufinder/ => C:\Users\ift70\.stmcufinder\plugins\mcufinder
2024-12-05 16:11:37,148 [INFO] CrossReferenceDbSqlite:203 - Set database path to: C:\Users\ift70\.stmcufinder\plugins\mcufinder//mcu/cs/
2024-12-05 16:11:37,212 [INFO] ApplicationProperties:184 - Using Application install path: C:\ST\STM32CubeIDE_1.16.1\STM32CubeIDE\plugins\com.st.stm32cube.common.mx_6.13.0.202411220809
2024-12-05 16:11:37,217 [INFO] PluginManage:196 - Search for loadable plugins [exclusion list=, ]
2024-12-05 16:11:37,221 [INFO] PluginManage:310 - Check plugin analytics
2024-12-05 16:11:37,662 [INFO] AnalyticsPlugin:253 - Accepted Software Licenses: STM32CubeMX.6.12.1,STM32CubeMX.6.13.0
2024-12-05 16:11:37,662 [INFO] AnalyticsPlugin:255 - Accepted CMSIS Pack Licenses: 
2024-12-05 16:11:37,662 [INFO] AnalyticsPlugin:257 - Accepted Firmware Licenses: FW.H7.1.11.0,FW.H7.1.12.0
2024-12-05 16:11:37,662 [INFO] PluginManage:359 - Loaded plugin analytics (category:tool,tabindex:-1)
2024-12-05 16:11:37,662 [INFO] PluginManage:310 - Check plugin cadmodel
2024-12-05 16:11:37,670 [INFO] CADModel:105 - Init CAD model plugin
2024-12-05 16:11:37,670 [INFO] PluginManage:359 - Loaded plugin cadmodel (category:power,tabindex:5)
2024-12-05 16:11:37,670 [INFO] PluginManage:310 - Check plugin clock
2024-12-05 16:11:37,688 [INFO] PluginManage:359 - Loaded plugin clock (category:base,tabindex:2)
2024-12-05 16:11:37,688 [INFO] PluginManage:310 - Check plugin ddr
2024-12-05 16:11:37,695 [INFO] PluginManage:359 - Loaded plugin ddr (category:tool,tabindex:6)
2024-12-05 16:11:37,695 [INFO] PluginManage:310 - Check plugin filemanager
2024-12-05 16:11:37,975 [INFO] PluginManage:359 - Loaded plugin filemanager (category:base,tabindex:10)
2024-12-05 16:11:37,976 [INFO] PluginManage:310 - Check plugin ipmanager
2024-12-05 16:11:37,993 [INFO] PluginManage:359 - Loaded plugin ipmanager (category:base,tabindex:5)
2024-12-05 16:11:37,993 [INFO] PluginManage:310 - Check plugin lpbam
2024-12-05 16:11:38,010 [INFO] PluginManage:359 - Loaded plugin lpbam (category:base,tabindex:0)
2024-12-05 16:11:38,010 [INFO] PluginManage:310 - Check plugin memorymap
2024-12-05 16:11:38,029 [INFO] PluginManage:359 - Loaded plugin memorymap (category:base,tabindex:4)
2024-12-05 16:11:38,030 [INFO] PluginManage:310 - Check plugin pinoutandconfiguration
2024-12-05 16:11:38,045 [INFO] PluginManage:359 - Loaded plugin pinoutandconfiguration (category:base,tabindex:1)
2024-12-05 16:11:38,045 [INFO] PluginManage:310 - Check plugin pinoutconfig
2024-12-05 16:11:38,242 [WARN] SupportedApi:132 - Cannot load RTOS API schema: s4s-elt-must-match.1: The content of 'definitions' must match (annotation?, (simpleType | complexType)?, (unique | key | keyref)*)). A problem was found starting at: attribute.
2024-12-05 16:11:38,608 [INFO] PluginManage:359 - Loaded plugin pinoutconfig (category:base,tabindex:0)
2024-12-05 16:11:38,608 [INFO] PluginManage:310 - Check plugin power
2024-12-05 16:11:38,632 [INFO] PluginManage:359 - Loaded plugin power (category:power,tabindex:4)
2024-12-05 16:11:38,632 [INFO] PluginManage:310 - Check plugin projectmanager
2024-12-05 16:11:38,696 [INFO] PluginManage:359 - Loaded plugin projectmanager (category:projectmanager,tabindex:4)
2024-12-05 16:11:38,696 [INFO] PluginManage:310 - Check plugin rif
2024-12-05 16:11:38,713 [INFO] PluginManage:359 - Loaded plugin rif (category:base,tabindex:3)
2024-12-05 16:11:38,713 [INFO] PluginManage:310 - Check plugin thirdparty
2024-12-05 16:11:39,111 [INFO] PluginManage:359 - Loaded plugin thirdparty (category:base,tabindex:-1)
2024-12-05 16:11:39,119 [INFO] PluginManage:310 - Check plugin tools
2024-12-05 16:11:39,119 [WARN] IntegrityCheckThread:84 - waiting for thirdparty lock release [integrity check]
2024-12-05 16:11:39,119 [INFO] IntegrityCheckThread:86 - entering critical section [integrity check]
2024-12-05 16:11:39,119 [INFO] PluginManage:359 - Loaded plugin tools (category:base,tabindex:7)
2024-12-05 16:11:39,127 [INFO] PluginManage:310 - Check plugin tutovideos
2024-12-05 16:11:39,119 [INFO] ThirdPartyUpdaterWithRetryManager:70 - Updater plugin not ready yet. [1/15]
2024-12-05 16:11:39,616 [INFO] PluginManage:359 - Loaded plugin tutovideos (category:base,tabindex:-1)
2024-12-05 16:11:39,616 [INFO] PluginManage:310 - Check plugin updater
2024-12-05 16:11:39,665 [INFO] PluginManage:359 - Loaded plugin updater (category:base,tabindex:12)
2024-12-05 16:11:39,665 [INFO] PluginManage:310 - Check plugin userauth
2024-12-05 16:11:39,677 [INFO] UserAuth:118 - Init User Auth plugin
2024-12-05 16:11:39,677 [INFO] PluginManage:359 - Loaded plugin userauth (category:base,tabindex:14)
2024-12-05 16:11:39,677 [INFO] PluginManage:283 - PluginManage : Loaded plugins [18]
2024-12-05 16:11:40,291 [INFO] PinOutPanel:1589 - setPackage(No Configuration,No Configuration)
2024-12-05 16:11:40,560 [INFO] CADModel:165 - CPN selected for project level
2024-12-05 16:11:40,560 [INFO] CADModel:114 - Register for checkConnection events
2024-12-05 16:11:40,599 [INFO] IPUIPlugin:80 - create IPUIPlugin
2024-12-05 16:11:40,599 [INFO] PluginManager:220 - loadIPPluginJar : add adc
2024-12-05 16:11:40,609 [INFO] IPUIPlugin:80 - create IPUIPlugin
2024-12-05 16:11:40,609 [INFO] PluginManager:220 - loadIPPluginJar : add aes
2024-12-05 16:11:40,616 [INFO] IPUIPlugin:80 - create IPUIPlugin
2024-12-05 16:11:40,616 [INFO] PluginManager:220 - loadIPPluginJar : add can
2024-12-05 16:11:40,624 [INFO] IPUIPlugin:80 - create IPUIPlugin
2024-12-05 16:11:40,624 [INFO] PluginManager:220 - loadIPPluginJar : add comp
2024-12-05 16:11:40,632 [INFO] IPUIPlugin:80 - create IPUIPlugin
2024-12-05 16:11:40,632 [INFO] PluginManager:220 - loadIPPluginJar : add cryp
2024-12-05 16:11:40,640 [INFO] IPUIPlugin:80 - create IPUIPlugin
2024-12-05 16:11:40,640 [INFO] PluginManager:220 - loadIPPluginJar : add ddr_ctrl_phy
2024-12-05 16:11:40,648 [INFO] IPUIPlugin:80 - create IPUIPlugin
2024-12-05 16:11:40,648 [INFO] PluginManager:220 - loadIPPluginJar : add dfsdm
2024-12-05 16:11:40,664 [INFO] IPUIPlugin:80 - create IPUIPlugin
2024-12-05 16:11:40,664 [INFO] PluginManager:220 - loadIPPluginJar : add dma
2024-12-05 16:11:40,676 [INFO] IPUIPlugin:80 - create IPUIPlugin
2024-12-05 16:11:40,676 [INFO] PluginManager:220 - loadIPPluginJar : add dma3
2024-12-05 16:11:40,682 [INFO] IPUIPlugin:80 - create IPUIPlugin
2024-12-05 16:11:40,682 [INFO] PluginManager:220 - loadIPPluginJar : add extmemmanager
2024-12-05 16:11:40,692 [INFO] IPUIPlugin:80 - create IPUIPlugin
2024-12-05 16:11:40,692 [INFO] PluginManager:220 - loadIPPluginJar : add fatfs
2024-12-05 16:11:40,706 [INFO] IPUIPlugin:80 - create IPUIPlugin
2024-12-05 16:11:40,706 [INFO] PluginManager:220 - loadIPPluginJar : add fmc
2024-12-05 16:11:40,723 [INFO] IPUIPlugin:80 - create IPUIPlugin
2024-12-05 16:11:40,723 [INFO] PluginManager:220 - loadIPPluginJar : add freertos
2024-12-05 16:11:40,731 [INFO] IPUIPlugin:80 - create IPUIPlugin
2024-12-05 16:11:40,731 [INFO] PluginManager:220 - loadIPPluginJar : add genericplugin
2024-12-05 16:11:40,739 [INFO] IPUIPlugin:80 - create IPUIPlugin
2024-12-05 16:11:40,747 [INFO] PluginManager:220 - loadIPPluginJar : add gfxmmu
2024-12-05 16:11:40,755 [INFO] IPUIPlugin:80 - create IPUIPlugin
2024-12-05 16:11:40,755 [INFO] PluginManager:220 - loadIPPluginJar : add gic
2024-12-05 16:11:40,771 [INFO] IPUIPlugin:80 - create IPUIPlugin
2024-12-05 16:11:40,771 [INFO] PluginManager:220 - loadIPPluginJar : add gpio
2024-12-05 16:11:40,779 [INFO] IPUIPlugin:80 - create IPUIPlugin
2024-12-05 16:11:40,779 [INFO] PluginManager:220 - loadIPPluginJar : add gtzc
2024-12-05 16:11:40,795 [INFO] IPUIPlugin:80 - create IPUIPlugin
2024-12-05 16:11:40,795 [INFO] PluginManager:220 - loadIPPluginJar : add hash
2024-12-05 16:11:40,803 [INFO] IPUIPlugin:80 - create IPUIPlugin
2024-12-05 16:11:40,803 [INFO] PluginManager:220 - loadIPPluginJar : add i2c
2024-12-05 16:11:40,811 [INFO] IPUIPlugin:80 - create IPUIPlugin
2024-12-05 16:11:40,811 [INFO] PluginManager:220 - loadIPPluginJar : add i2s
2024-12-05 16:11:40,819 [INFO] IPUIPlugin:80 - create IPUIPlugin
2024-12-05 16:11:40,819 [INFO] PluginManager:220 - loadIPPluginJar : add i3c
2024-12-05 16:11:40,827 [INFO] IPUIPlugin:80 - create IPUIPlugin
2024-12-05 16:11:40,827 [INFO] PluginManager:220 - loadIPPluginJar : add ipddr
2024-12-05 16:11:40,843 [INFO] IPUIPlugin:80 - create IPUIPlugin
2024-12-05 16:11:40,851 [INFO] PluginManager:220 - loadIPPluginJar : add linkedlist
2024-12-05 16:11:40,867 [INFO] IPUIPlugin:80 - create IPUIPlugin
2024-12-05 16:11:40,867 [INFO] PluginManager:220 - loadIPPluginJar : add lorawan
2024-12-05 16:11:40,867 [INFO] IPUIPlugin:80 - create IPUIPlugin
2024-12-05 16:11:40,875 [INFO] PluginManager:220 - loadIPPluginJar : add ltdc
2024-12-05 16:11:40,892 [INFO] IPUIPlugin:80 - create IPUIPlugin
2024-12-05 16:11:40,892 [INFO] PluginManager:220 - loadIPPluginJar : add mdma
2024-12-05 16:11:40,900 [INFO] IPUIPlugin:80 - create IPUIPlugin
2024-12-05 16:11:40,900 [INFO] PluginManager:220 - loadIPPluginJar : add nvic
2024-12-05 16:11:40,900 [INFO] IPUIPlugin:80 - create IPUIPlugin
2024-12-05 16:11:40,908 [INFO] PluginManager:220 - loadIPPluginJar : add opamp
2024-12-05 16:11:40,908 [INFO] IPUIPlugin:80 - create IPUIPlugin
2024-12-05 16:11:40,908 [INFO] PluginManager:220 - loadIPPluginJar : add openamp
2024-12-05 16:11:40,917 [INFO] IPUIPlugin:80 - create IPUIPlugin
2024-12-05 16:11:40,917 [INFO] PluginManager:220 - loadIPPluginJar : add pdm2pcm
2024-12-05 16:11:40,933 [INFO] IPUIPlugin:80 - create IPUIPlugin
2024-12-05 16:11:40,941 [INFO] PluginManager:220 - loadIPPluginJar : add plateformsettings
2024-12-05 16:11:40,949 [INFO] IPUIPlugin:80 - create IPUIPlugin
2024-12-05 16:11:40,949 [INFO] PluginManager:220 - loadIPPluginJar : add quadspi
2024-12-05 16:11:40,955 [INFO] IPUIPlugin:80 - create IPUIPlugin
2024-12-05 16:11:40,959 [INFO] PluginManager:220 - loadIPPluginJar : add radio
2024-12-05 16:11:40,968 [INFO] IPUIPlugin:80 - create IPUIPlugin
2024-12-05 16:11:40,968 [INFO] PluginManager:220 - loadIPPluginJar : add resmgrutility
2024-12-05 16:11:40,975 [INFO] IPUIPlugin:80 - create IPUIPlugin
2024-12-05 16:11:40,981 [INFO] PluginManager:220 - loadIPPluginJar : add sai
2024-12-05 16:11:40,983 [INFO] IPUIPlugin:80 - create IPUIPlugin
2024-12-05 16:11:40,983 [INFO] PluginManager:220 - loadIPPluginJar : add spi
2024-12-05 16:11:41,015 [INFO] IPUIPlugin:80 - create IPUIPlugin
2024-12-05 16:11:41,015 [INFO] PluginManager:220 - loadIPPluginJar : add stm32_wpan
2024-12-05 16:11:41,023 [INFO] IPUIPlugin:80 - create IPUIPlugin
2024-12-05 16:11:41,023 [INFO] PluginManager:220 - loadIPPluginJar : add tim
2024-12-05 16:11:41,032 [INFO] IPUIPlugin:80 - create IPUIPlugin
2024-12-05 16:11:41,032 [INFO] PluginManager:220 - loadIPPluginJar : add touchsensing
2024-12-05 16:11:41,032 [INFO] IPUIPlugin:80 - create IPUIPlugin
2024-12-05 16:11:41,032 [INFO] PluginManager:220 - loadIPPluginJar : add tracer_emb
2024-12-05 16:11:41,040 [INFO] IPUIPlugin:80 - create IPUIPlugin
2024-12-05 16:11:41,040 [INFO] PluginManager:220 - loadIPPluginJar : add ts
2024-12-05 16:11:41,048 [INFO] IPUIPlugin:80 - create IPUIPlugin
2024-12-05 16:11:41,048 [INFO] PluginManager:220 - loadIPPluginJar : add tsc
2024-12-05 16:11:41,064 [INFO] IPUIPlugin:80 - create IPUIPlugin
2024-12-05 16:11:41,064 [INFO] PluginManager:220 - loadIPPluginJar : add ucpd
2024-12-05 16:11:41,072 [INFO] IPUIPlugin:80 - create IPUIPlugin
2024-12-05 16:11:41,072 [INFO] PluginManager:220 - loadIPPluginJar : add usart
2024-12-05 16:11:41,088 [INFO] IPUIPlugin:80 - create IPUIPlugin
2024-12-05 16:11:41,088 [INFO] PluginManager:220 - loadIPPluginJar : add usbx
2024-12-05 16:11:41,372 [FATAL] Updater:351 - Updater called before beeing initialized
2024-12-05 16:11:41,653 [INFO] RulesReader:64 - Compatibility file has been processed (297 Rules)
2024-12-05 16:11:41,693 [INFO] RulesReader:64 - Compatibility file has been processed (297 Rules)
2024-12-05 16:11:41,725 [INFO] CADModel:165 - CPN selected for project level
2024-12-05 16:11:41,725 [INFO] CADModel:114 - Register for checkConnection events
2024-12-05 16:11:41,725 [FATAL] Updater:351 - Updater called before beeing initialized
2024-12-05 16:11:41,725 [ERROR] CADModel:125 - Updater not yet initialized, retry later 
2024-12-05 16:11:42,139 [INFO] ThirdPartyUpdaterWithRetryManager:70 - Updater plugin not ready yet. [2/15]
2024-12-05 16:11:42,155 [FATAL] Updater:351 - Updater called before beeing initialized
2024-12-05 16:11:42,159 [INFO] CADModel:165 - CPN selected for project level
2024-12-05 16:11:42,160 [INFO] CADModel:114 - Register for checkConnection events
2024-12-05 16:11:42,160 [FATAL] Updater:351 - Updater called before beeing initialized
2024-12-05 16:11:42,160 [ERROR] CADModel:125 - Updater not yet initialized, retry later 
2024-12-05 16:11:42,169 [FATAL] Updater:351 - Updater called before beeing initialized
2024-12-05 16:11:42,649 [FATAL] Updater:351 - Updater called before beeing initialized
2024-12-05 16:11:42,704 [INFO] DbMcusAds:53 - JSON generation date=Fri Sep 20 09:04:23 EDT 2024 (1726837463113)
2024-12-05 16:11:42,705 [FATAL] Updater:351 - Updater called before beeing initialized
2024-12-05 16:11:42,808 [WARN] DetailPanel:346 - Failed to get advertising image, set to default
2024-12-05 16:11:43,550 [FATAL] Updater:351 - Updater called before beeing initialized
2024-12-05 16:11:43,550 [FATAL] Updater:351 - Updater called before beeing initialized
2024-12-05 16:11:43,550 [FATAL] Updater:351 - Updater called before beeing initialized
2024-12-05 16:11:43,550 [WARN] DetailPanel:346 - Failed to get advertising image, set to default
2024-12-05 16:11:43,559 [FATAL] Updater:351 - Updater called before beeing initialized
2024-12-05 16:11:43,674 [ERROR] Updater:1198 - MainUpdater not yet initialized. External WinMGr cannot be set.
2024-12-05 16:11:43,682 [INFO] Updater:1134 - Updater Version found : 6.13.0
2024-12-05 16:11:43,716 [INFO] ApplicationProperties:184 - Using Application install path: C:\ST\STM32CubeIDE_1.16.1\STM32CubeIDE\plugins\com.st.stm32cube.common.mx_6.13.0.202411220809
2024-12-05 16:11:45,140 [FATAL] Updater:351 - Updater called before beeing initialized
2024-12-05 16:11:45,141 [ERROR] IntegrityCheckThread:130 - Cannot retrieve database content from updater: error 21
2024-12-05 16:11:45,141 [INFO] ThirdParty:978 - Integrity check success = false
2024-12-05 16:11:45,141 [INFO] IntegrityCheckThread:100 - exiting critical section [integrity check]
2024-12-05 16:11:45,142 [INFO] IntegrityCheckThread:103 - End integrity checks thread
2024-12-05 16:11:45,320 [ERROR] LogOutputStream:75 - [STDERR_REDIRECT] Dec 05, 2024 4:11:45 PM java.util.prefs.WindowsPreferences <init>
2024-12-05 16:11:45,324 [ERROR] LogOutputStream:75 - [STDERR_REDIRECT] WARNING: Could not open/create prefs root node Software\JavaSoft\Prefs at root 0xffffffff80000002. Windows RegCreateKeyEx(...) returned error code 5.
2024-12-05 16:11:45,325 [ERROR] LogOutputStream:75 - [STDERR_REDIRECT] 
2024-12-05 16:11:46,147 [INFO] MainUpdater:2872 - connection check result : 10
2024-12-05 16:11:46,155 [INFO] MainUpdater:289 - Updater Check For Update Now.
2024-12-05 16:11:46,155 [INFO] MicroXplorer:498 - Change Database Version : DB.6.0.130
2024-12-05 16:11:46,187 [INFO] McuFinderGlobals:63 - Set McuFinder mode to 2 (CubeIDE integrated)
2024-12-05 16:11:46,187 [INFO] UserAuth:486 - Internet connection configuration mode: 1
2024-12-05 16:11:46,379 [INFO] JxBrowserEngine:152 - Initiate JxBrowser Engine with user profile folder
2024-12-05 16:11:46,699 [INFO] CheckServerUpdateThread:120 - End of CheckServer Thread
2024-12-05 16:11:48,990 [INFO] WebApp:168 - Instantiating new browser for Auth
2024-12-05 16:11:54,919 [INFO] WebApp:449 - Apply proxy settings
2024-12-05 16:11:54,921 [INFO] WebApp:534 - Chromium requires no authentication
2024-12-05 16:11:54,930 [INFO] WebApp:477 - Direct internet connection detected
2024-12-05 16:11:55,008 [INFO] WebApp:880 - Register for checkConnection events
2024-12-05 16:11:55,008 [INFO] WebApp:449 - Apply proxy settings
2024-12-05 16:11:55,008 [INFO] WebApp:534 - Chromium requires no authentication
2024-12-05 16:11:55,012 [INFO] WebApp:477 - Direct internet connection detected
2024-12-05 16:11:55,589 [INFO] WebApp:221 - Starting web application
2024-12-05 16:11:55,589 [INFO] WebApp:579 - Web application path used C:\ST\STM32CubeIDE_1.16.1\STM32CubeIDE\plugins\com.st.stm32cube.common.mx_6.13.0.202411220809\db\plugins\mcufinder\reactClient1\index.html
2024-12-05 16:11:55,869 [INFO] UserAuth:486 - Internet connection configuration mode: 1
2024-12-05 16:11:57,181 [INFO] WebApp:187 - Connection restablished
2024-12-05 20:27:20,968 [ERROR] LogOutputStream:75 - [STDERR_REDIRECT] 
2024-12-05 20:27:20,969 [ERROR] LogOutputStream:75 - [STDERR_REDIRECT] 
