2024-12-12 17:47:37,014 [INFO] Activator:176 - 


2024-12-12 17:47:37,030 [INFO] Activator:177 - !SESSION log4j initialized
2024-12-12 17:48:03,080 [INFO] LogOutputStream:77 - [STDOUT_REDIRECT] 
2024-12-12 17:48:23,978 [INFO] ApplicationProperties:184 - Using Application install path: C:\ST\STM32CubeIDE_1.16.1\STM32CubeIDE\plugins\com.st.stm32cube.common.mx_6.13.0.202411220809
2024-12-12 17:48:24,022 [INFO] DbMcusXml:78 - Set database path to: C:\ST\STM32CubeIDE_1.16.1\STM32CubeIDE\plugins\com.st.stm32cube.common.mx_6.13.0.202411220809\\db\/mcu/
2024-12-12 17:48:24,023 [INFO] ApiDb:274 - Set plugin database path to: C:\ST\STM32CubeIDE_1.16.1\STM32CubeIDE\plugins\com.st.stm32cube.common.mx_6.13.0.202411220809\\db\/plugins/boardmanager/
2024-12-12 17:48:24,025 [WARN] ApiDb:259 - Overriding images path with different value:  => C:\ST\STM32CubeIDE_1.16.1\STM32CubeIDE\plugins\com.st.stm32cube.common.mx_6.13.0.202411220809\\db\/plugins/mcufinder/images/
2024-12-12 17:48:24,072 [INFO] ApiDb:250 - Set database path to: C:\Users\ift70\.stmcufinder\plugins\mcufinder//mcu/
2024-12-12 17:48:24,076 [INFO] DbMcusAds:125 - Set database path to: C:\Users\ift70\.stmcufinder\plugins\mcufinder//mcu/
2024-12-12 17:48:24,140 [INFO] CrossReferenceDbSqlite:203 - Set database path to: C:\Users\ift70\.stmcufinder\plugins\mcufinder//mcu/cs/
2024-12-12 17:48:24,470 [INFO] RulesReader:64 - Compatibility file has been processed (297 Rules)
2024-12-12 17:48:24,777 [INFO] DbMcusXml:78 - Set database path to: C:\ST\STM32CubeIDE_1.16.1\STM32CubeIDE\plugins\com.st.stm32cube.common.mx_6.13.0.202411220809\\db\/mcu/
2024-12-12 17:48:24,778 [INFO] ApiDb:274 - Set plugin database path to: C:\ST\STM32CubeIDE_1.16.1\STM32CubeIDE\plugins\com.st.stm32cube.common.mx_6.13.0.202411220809\\db\/plugins/boardmanager/
2024-12-12 17:48:24,780 [INFO] ApiDb:261 - Set plugin images path to: C:\ST\STM32CubeIDE_1.16.1\STM32CubeIDE\plugins\com.st.stm32cube.common.mx_6.13.0.202411220809\\db\/plugins/mcufinder/images/
2024-12-12 17:48:24,781 [WARN] DbFile:41 - Overriding database path with different value: C:\Users\ift70\.stmcufinder\plugins\mcufinder/ => C:\Users\ift70\.stmcufinder\plugins\mcufinder
2024-12-12 17:48:24,783 [INFO] ApiDb:250 - Set database path to: C:\Users\ift70\.stmcufinder\plugins\mcufinder//mcu/
2024-12-12 17:48:24,783 [WARN] DbFile:41 - Overriding database path with different value: C:\Users\ift70\.stmcufinder\plugins\mcufinder/ => C:\Users\ift70\.stmcufinder\plugins\mcufinder
2024-12-12 17:48:24,783 [INFO] DbMcusAds:125 - Set database path to: C:\Users\ift70\.stmcufinder\plugins\mcufinder//mcu/
2024-12-12 17:48:24,783 [WARN] DbFile:41 - Overriding database path with different value: C:\Users\ift70\.stmcufinder\plugins\mcufinder/ => C:\Users\ift70\.stmcufinder\plugins\mcufinder
2024-12-12 17:48:24,784 [WARN] DbFile:41 - Overriding database path with different value: C:\Users\ift70\.stmcufinder\plugins\mcufinder/ => C:\Users\ift70\.stmcufinder\plugins\mcufinder
2024-12-12 17:48:24,784 [INFO] CrossReferenceDbSqlite:203 - Set database path to: C:\Users\ift70\.stmcufinder\plugins\mcufinder//mcu/cs/
2024-12-12 17:48:25,074 [INFO] MainPanel:272 - HeapMemory: 306184192
2024-12-12 17:48:25,535 [INFO] DbMcusXml:78 - Set database path to: C:\ST\STM32CubeIDE_1.16.1\STM32CubeIDE\plugins\com.st.stm32cube.common.mx_6.13.0.202411220809\\db\/mcu/
2024-12-12 17:48:25,535 [INFO] ApiDb:274 - Set plugin database path to: C:\ST\STM32CubeIDE_1.16.1\STM32CubeIDE\plugins\com.st.stm32cube.common.mx_6.13.0.202411220809\\db\/plugins/boardmanager/
2024-12-12 17:48:25,535 [INFO] ApiDb:261 - Set plugin images path to: C:\ST\STM32CubeIDE_1.16.1\STM32CubeIDE\plugins\com.st.stm32cube.common.mx_6.13.0.202411220809\\db\/plugins/mcufinder/images/
2024-12-12 17:48:25,537 [WARN] DbFile:41 - Overriding database path with different value: C:\Users\ift70\.stmcufinder\plugins\mcufinder/ => C:\Users\ift70\.stmcufinder\plugins\mcufinder
2024-12-12 17:48:25,537 [INFO] ApiDb:250 - Set database path to: C:\Users\ift70\.stmcufinder\plugins\mcufinder//mcu/
2024-12-12 17:48:25,537 [WARN] DbFile:41 - Overriding database path with different value: C:\Users\ift70\.stmcufinder\plugins\mcufinder/ => C:\Users\ift70\.stmcufinder\plugins\mcufinder
2024-12-12 17:48:25,538 [INFO] DbMcusAds:125 - Set database path to: C:\Users\ift70\.stmcufinder\plugins\mcufinder//mcu/
2024-12-12 17:48:25,538 [WARN] DbFile:41 - Overriding database path with different value: C:\Users\ift70\.stmcufinder\plugins\mcufinder/ => C:\Users\ift70\.stmcufinder\plugins\mcufinder
2024-12-12 17:48:25,539 [WARN] DbFile:41 - Overriding database path with different value: C:\Users\ift70\.stmcufinder\plugins\mcufinder/ => C:\Users\ift70\.stmcufinder\plugins\mcufinder
2024-12-12 17:48:25,539 [INFO] CrossReferenceDbSqlite:203 - Set database path to: C:\Users\ift70\.stmcufinder\plugins\mcufinder//mcu/cs/
2024-12-12 17:48:25,621 [INFO] ApplicationProperties:184 - Using Application install path: C:\ST\STM32CubeIDE_1.16.1\STM32CubeIDE\plugins\com.st.stm32cube.common.mx_6.13.0.202411220809
2024-12-12 17:48:25,627 [INFO] PluginManage:196 - Search for loadable plugins [exclusion list=, ]
2024-12-12 17:48:25,632 [INFO] PluginManage:310 - Check plugin analytics
2024-12-12 17:48:26,413 [INFO] AnalyticsPlugin:253 - Accepted Software Licenses: STM32CubeMX.6.12.1,STM32CubeMX.6.13.0
2024-12-12 17:48:26,414 [INFO] AnalyticsPlugin:255 - Accepted CMSIS Pack Licenses: 
2024-12-12 17:48:26,415 [INFO] AnalyticsPlugin:257 - Accepted Firmware Licenses: FW.H7.1.11.0,FW.H7.1.12.0
2024-12-12 17:48:26,416 [INFO] PluginManage:359 - Loaded plugin analytics (category:tool,tabindex:-1)
2024-12-12 17:48:26,418 [INFO] PluginManage:310 - Check plugin cadmodel
2024-12-12 17:48:26,467 [INFO] CADModel:105 - Init CAD model plugin
2024-12-12 17:48:26,468 [INFO] PluginManage:359 - Loaded plugin cadmodel (category:power,tabindex:5)
2024-12-12 17:48:26,469 [INFO] PluginManage:310 - Check plugin clock
2024-12-12 17:48:26,543 [INFO] PluginManage:359 - Loaded plugin clock (category:base,tabindex:2)
2024-12-12 17:48:26,543 [INFO] PluginManage:310 - Check plugin ddr
2024-12-12 17:48:26,554 [INFO] PluginManage:359 - Loaded plugin ddr (category:tool,tabindex:6)
2024-12-12 17:48:26,554 [INFO] PluginManage:310 - Check plugin filemanager
2024-12-12 17:48:27,033 [INFO] PluginManage:359 - Loaded plugin filemanager (category:base,tabindex:10)
2024-12-12 17:48:27,034 [INFO] PluginManage:310 - Check plugin ipmanager
2024-12-12 17:48:27,054 [INFO] PluginManage:359 - Loaded plugin ipmanager (category:base,tabindex:5)
2024-12-12 17:48:27,055 [INFO] PluginManage:310 - Check plugin lpbam
2024-12-12 17:48:27,117 [INFO] PluginManage:359 - Loaded plugin lpbam (category:base,tabindex:0)
2024-12-12 17:48:27,118 [INFO] PluginManage:310 - Check plugin memorymap
2024-12-12 17:48:27,182 [INFO] PluginManage:359 - Loaded plugin memorymap (category:base,tabindex:4)
2024-12-12 17:48:27,183 [INFO] PluginManage:310 - Check plugin pinoutandconfiguration
2024-12-12 17:48:27,248 [INFO] PluginManage:359 - Loaded plugin pinoutandconfiguration (category:base,tabindex:1)
2024-12-12 17:48:27,249 [INFO] PluginManage:310 - Check plugin pinoutconfig
2024-12-12 17:48:27,589 [WARN] SupportedApi:132 - Cannot load RTOS API schema: s4s-elt-must-match.1: The content of 'definitions' must match (annotation?, (simpleType | complexType)?, (unique | key | keyref)*)). A problem was found starting at: attribute.
2024-12-12 17:48:28,345 [INFO] PluginManage:359 - Loaded plugin pinoutconfig (category:base,tabindex:0)
2024-12-12 17:48:28,345 [INFO] PluginManage:310 - Check plugin power
2024-12-12 17:48:28,523 [INFO] PluginManage:359 - Loaded plugin power (category:power,tabindex:4)
2024-12-12 17:48:28,523 [INFO] PluginManage:310 - Check plugin projectmanager
2024-12-12 17:48:28,676 [INFO] PluginManage:359 - Loaded plugin projectmanager (category:projectmanager,tabindex:4)
2024-12-12 17:48:28,677 [INFO] PluginManage:310 - Check plugin rif
2024-12-12 17:48:28,761 [INFO] PluginManage:359 - Loaded plugin rif (category:base,tabindex:3)
2024-12-12 17:48:28,761 [INFO] PluginManage:310 - Check plugin thirdparty
2024-12-12 17:48:29,812 [INFO] PluginManage:359 - Loaded plugin thirdparty (category:base,tabindex:-1)
2024-12-12 17:48:29,813 [INFO] PluginManage:310 - Check plugin tools
2024-12-12 17:48:29,818 [WARN] IntegrityCheckThread:84 - waiting for thirdparty lock release [integrity check]
2024-12-12 17:48:29,819 [INFO] IntegrityCheckThread:86 - entering critical section [integrity check]
2024-12-12 17:48:29,820 [INFO] ThirdPartyUpdaterWithRetryManager:70 - Updater plugin not ready yet. [1/15]
2024-12-12 17:48:29,953 [INFO] PluginManage:359 - Loaded plugin tools (category:base,tabindex:7)
2024-12-12 17:48:29,954 [INFO] PluginManage:310 - Check plugin tutovideos
2024-12-12 17:48:30,532 [INFO] PluginManage:359 - Loaded plugin tutovideos (category:base,tabindex:-1)
2024-12-12 17:48:30,532 [INFO] PluginManage:310 - Check plugin updater
2024-12-12 17:48:30,636 [INFO] PluginManage:359 - Loaded plugin updater (category:base,tabindex:12)
2024-12-12 17:48:30,636 [INFO] PluginManage:310 - Check plugin userauth
2024-12-12 17:48:30,657 [INFO] UserAuth:118 - Init User Auth plugin
2024-12-12 17:48:30,660 [INFO] PluginManage:359 - Loaded plugin userauth (category:base,tabindex:14)
2024-12-12 17:48:30,661 [INFO] PluginManage:283 - PluginManage : Loaded plugins [18]
2024-12-12 17:48:31,826 [INFO] PinOutPanel:1589 - setPackage(No Configuration,No Configuration)
2024-12-12 17:48:32,363 [INFO] CADModel:165 - CPN selected for project level
2024-12-12 17:48:32,364 [INFO] CADModel:114 - Register for checkConnection events
2024-12-12 17:48:32,479 [INFO] IPUIPlugin:80 - create IPUIPlugin
2024-12-12 17:48:32,481 [INFO] PluginManager:220 - loadIPPluginJar : add adc
2024-12-12 17:48:32,644 [INFO] IPUIPlugin:80 - create IPUIPlugin
2024-12-12 17:48:32,645 [INFO] PluginManager:220 - loadIPPluginJar : add aes
2024-12-12 17:48:32,892 [INFO] IPUIPlugin:80 - create IPUIPlugin
2024-12-12 17:48:32,893 [INFO] PluginManager:220 - loadIPPluginJar : add can
2024-12-12 17:48:33,118 [INFO] IPUIPlugin:80 - create IPUIPlugin
2024-12-12 17:48:33,118 [INFO] PluginManager:220 - loadIPPluginJar : add comp
2024-12-12 17:48:33,123 [INFO] ThirdPartyUpdaterWithRetryManager:70 - Updater plugin not ready yet. [2/15]
2024-12-12 17:48:33,251 [INFO] IPUIPlugin:80 - create IPUIPlugin
2024-12-12 17:48:33,251 [INFO] PluginManager:220 - loadIPPluginJar : add cryp
2024-12-12 17:48:33,309 [INFO] IPUIPlugin:80 - create IPUIPlugin
2024-12-12 17:48:33,310 [INFO] PluginManager:220 - loadIPPluginJar : add ddr_ctrl_phy
2024-12-12 17:48:33,484 [INFO] IPUIPlugin:80 - create IPUIPlugin
2024-12-12 17:48:33,484 [INFO] PluginManager:220 - loadIPPluginJar : add dfsdm
2024-12-12 17:48:33,599 [INFO] IPUIPlugin:80 - create IPUIPlugin
2024-12-12 17:48:33,600 [INFO] PluginManager:220 - loadIPPluginJar : add dma
2024-12-12 17:48:33,832 [INFO] IPUIPlugin:80 - create IPUIPlugin
2024-12-12 17:48:33,833 [INFO] PluginManager:220 - loadIPPluginJar : add dma3
2024-12-12 17:48:34,043 [INFO] IPUIPlugin:80 - create IPUIPlugin
2024-12-12 17:48:34,043 [INFO] PluginManager:220 - loadIPPluginJar : add extmemmanager
2024-12-12 17:48:34,126 [INFO] IPUIPlugin:80 - create IPUIPlugin
2024-12-12 17:48:34,127 [INFO] PluginManager:220 - loadIPPluginJar : add fatfs
2024-12-12 17:48:34,314 [INFO] IPUIPlugin:80 - create IPUIPlugin
2024-12-12 17:48:34,314 [INFO] PluginManager:220 - loadIPPluginJar : add fmc
2024-12-12 17:48:34,409 [INFO] IPUIPlugin:80 - create IPUIPlugin
2024-12-12 17:48:34,409 [INFO] PluginManager:220 - loadIPPluginJar : add freertos
2024-12-12 17:48:34,497 [INFO] IPUIPlugin:80 - create IPUIPlugin
2024-12-12 17:48:34,497 [INFO] PluginManager:220 - loadIPPluginJar : add genericplugin
2024-12-12 17:48:34,884 [INFO] IPUIPlugin:80 - create IPUIPlugin
2024-12-12 17:48:34,884 [INFO] PluginManager:220 - loadIPPluginJar : add gfxmmu
2024-12-12 17:48:35,589 [INFO] IPUIPlugin:80 - create IPUIPlugin
2024-12-12 17:48:35,590 [INFO] PluginManager:220 - loadIPPluginJar : add gic
2024-12-12 17:48:35,635 [INFO] IPUIPlugin:80 - create IPUIPlugin
2024-12-12 17:48:35,636 [INFO] PluginManager:220 - loadIPPluginJar : add gpio
2024-12-12 17:48:36,030 [INFO] IPUIPlugin:80 - create IPUIPlugin
2024-12-12 17:48:36,031 [INFO] PluginManager:220 - loadIPPluginJar : add gtzc
2024-12-12 17:48:36,165 [INFO] IPUIPlugin:80 - create IPUIPlugin
2024-12-12 17:48:36,166 [INFO] PluginManager:220 - loadIPPluginJar : add hash
2024-12-12 17:48:36,258 [INFO] ThirdPartyUpdaterWithRetryManager:70 - Updater plugin not ready yet. [3/15]
2024-12-12 17:48:36,376 [INFO] IPUIPlugin:80 - create IPUIPlugin
2024-12-12 17:48:36,377 [INFO] PluginManager:220 - loadIPPluginJar : add i2c
2024-12-12 17:48:36,547 [INFO] IPUIPlugin:80 - create IPUIPlugin
2024-12-12 17:48:36,548 [INFO] PluginManager:220 - loadIPPluginJar : add i2s
2024-12-12 17:48:36,704 [INFO] IPUIPlugin:80 - create IPUIPlugin
2024-12-12 17:48:36,705 [INFO] PluginManager:220 - loadIPPluginJar : add i3c
2024-12-12 17:48:37,099 [INFO] IPUIPlugin:80 - create IPUIPlugin
2024-12-12 17:48:37,101 [INFO] PluginManager:220 - loadIPPluginJar : add ipddr
2024-12-12 17:48:37,462 [INFO] IPUIPlugin:80 - create IPUIPlugin
2024-12-12 17:48:37,463 [INFO] PluginManager:220 - loadIPPluginJar : add linkedlist
2024-12-12 17:48:37,594 [INFO] IPUIPlugin:80 - create IPUIPlugin
2024-12-12 17:48:37,594 [INFO] PluginManager:220 - loadIPPluginJar : add lorawan
2024-12-12 17:48:37,791 [INFO] IPUIPlugin:80 - create IPUIPlugin
2024-12-12 17:48:37,792 [INFO] PluginManager:220 - loadIPPluginJar : add ltdc
2024-12-12 17:48:37,834 [INFO] IPUIPlugin:80 - create IPUIPlugin
2024-12-12 17:48:37,835 [INFO] PluginManager:220 - loadIPPluginJar : add mdma
2024-12-12 17:48:37,873 [INFO] IPUIPlugin:80 - create IPUIPlugin
2024-12-12 17:48:37,873 [INFO] PluginManager:220 - loadIPPluginJar : add nvic
2024-12-12 17:48:38,057 [INFO] IPUIPlugin:80 - create IPUIPlugin
2024-12-12 17:48:38,058 [INFO] PluginManager:220 - loadIPPluginJar : add opamp
2024-12-12 17:48:38,465 [INFO] IPUIPlugin:80 - create IPUIPlugin
2024-12-12 17:48:38,466 [INFO] PluginManager:220 - loadIPPluginJar : add openamp
2024-12-12 17:48:38,671 [INFO] IPUIPlugin:80 - create IPUIPlugin
2024-12-12 17:48:38,672 [INFO] PluginManager:220 - loadIPPluginJar : add pdm2pcm
2024-12-12 17:48:38,719 [INFO] IPUIPlugin:80 - create IPUIPlugin
2024-12-12 17:48:38,728 [INFO] PluginManager:220 - loadIPPluginJar : add plateformsettings
2024-12-12 17:48:38,824 [INFO] IPUIPlugin:80 - create IPUIPlugin
2024-12-12 17:48:38,824 [INFO] PluginManager:220 - loadIPPluginJar : add quadspi
2024-12-12 17:48:38,983 [INFO] IPUIPlugin:80 - create IPUIPlugin
2024-12-12 17:48:38,986 [INFO] PluginManager:220 - loadIPPluginJar : add radio
2024-12-12 17:48:39,061 [INFO] IPUIPlugin:80 - create IPUIPlugin
2024-12-12 17:48:39,061 [INFO] PluginManager:220 - loadIPPluginJar : add resmgrutility
2024-12-12 17:48:39,246 [INFO] IPUIPlugin:80 - create IPUIPlugin
2024-12-12 17:48:39,247 [INFO] PluginManager:220 - loadIPPluginJar : add sai
2024-12-12 17:48:39,261 [INFO] ThirdPartyUpdaterWithRetryManager:70 - Updater plugin not ready yet. [4/15]
2024-12-12 17:48:39,416 [INFO] IPUIPlugin:80 - create IPUIPlugin
2024-12-12 17:48:39,416 [INFO] PluginManager:220 - loadIPPluginJar : add spi
2024-12-12 17:48:39,655 [INFO] IPUIPlugin:80 - create IPUIPlugin
2024-12-12 17:48:39,656 [INFO] PluginManager:220 - loadIPPluginJar : add stm32_wpan
2024-12-12 17:48:39,771 [INFO] IPUIPlugin:80 - create IPUIPlugin
2024-12-12 17:48:39,771 [INFO] PluginManager:220 - loadIPPluginJar : add tim
2024-12-12 17:48:40,009 [INFO] IPUIPlugin:80 - create IPUIPlugin
2024-12-12 17:48:40,009 [INFO] PluginManager:220 - loadIPPluginJar : add touchsensing
2024-12-12 17:48:40,109 [INFO] IPUIPlugin:80 - create IPUIPlugin
2024-12-12 17:48:40,109 [INFO] PluginManager:220 - loadIPPluginJar : add tracer_emb
2024-12-12 17:48:40,242 [INFO] IPUIPlugin:80 - create IPUIPlugin
2024-12-12 17:48:40,243 [INFO] PluginManager:220 - loadIPPluginJar : add ts
2024-12-12 17:48:40,392 [INFO] IPUIPlugin:80 - create IPUIPlugin
2024-12-12 17:48:40,392 [INFO] PluginManager:220 - loadIPPluginJar : add tsc
2024-12-12 17:48:40,479 [INFO] IPUIPlugin:80 - create IPUIPlugin
2024-12-12 17:48:40,479 [INFO] PluginManager:220 - loadIPPluginJar : add ucpd
2024-12-12 17:48:40,664 [INFO] IPUIPlugin:80 - create IPUIPlugin
2024-12-12 17:48:40,664 [INFO] PluginManager:220 - loadIPPluginJar : add usart
2024-12-12 17:48:40,835 [INFO] IPUIPlugin:80 - create IPUIPlugin
2024-12-12 17:48:40,835 [INFO] PluginManager:220 - loadIPPluginJar : add usbx
2024-12-12 17:48:41,128 [FATAL] Updater:351 - Updater called before beeing initialized
2024-12-12 17:48:41,237 [INFO] RulesReader:64 - Compatibility file has been processed (297 Rules)
2024-12-12 17:48:41,378 [INFO] RulesReader:64 - Compatibility file has been processed (297 Rules)
2024-12-12 17:48:41,402 [INFO] CADModel:165 - CPN selected for project level
2024-12-12 17:48:41,404 [INFO] CADModel:114 - Register for checkConnection events
2024-12-12 17:48:41,404 [FATAL] Updater:351 - Updater called before beeing initialized
2024-12-12 17:48:41,404 [ERROR] CADModel:125 - Updater not yet initialized, retry later 
2024-12-12 17:48:42,133 [FATAL] Updater:351 - Updater called before beeing initialized
2024-12-12 17:48:42,153 [INFO] CADModel:165 - CPN selected for project level
2024-12-12 17:48:42,154 [INFO] CADModel:114 - Register for checkConnection events
2024-12-12 17:48:42,154 [FATAL] Updater:351 - Updater called before beeing initialized
2024-12-12 17:48:42,154 [ERROR] CADModel:125 - Updater not yet initialized, retry later 
2024-12-12 17:48:42,162 [FATAL] Updater:351 - Updater called before beeing initialized
2024-12-12 17:48:42,287 [INFO] ThirdPartyUpdaterWithRetryManager:70 - Updater plugin not ready yet. [5/15]
2024-12-12 17:48:43,812 [FATAL] Updater:351 - Updater called before beeing initialized
2024-12-12 17:48:43,863 [INFO] DbMcusAds:53 - JSON generation date=Fri Sep 20 09:04:23 EDT 2024 (1726837463113)
2024-12-12 17:48:43,867 [FATAL] Updater:351 - Updater called before beeing initialized
2024-12-12 17:48:44,048 [WARN] DetailPanel:346 - Failed to get advertising image, set to default
2024-12-12 17:48:45,294 [FATAL] Updater:351 - Updater called before beeing initialized
2024-12-12 17:48:45,296 [ERROR] IntegrityCheckThread:130 - Cannot retrieve database content from updater: error 21
2024-12-12 17:48:45,297 [INFO] ThirdParty:978 - Integrity check success = false
2024-12-12 17:48:45,297 [INFO] IntegrityCheckThread:100 - exiting critical section [integrity check]
2024-12-12 17:48:45,297 [INFO] IntegrityCheckThread:103 - End integrity checks thread
2024-12-12 17:48:45,830 [FATAL] Updater:351 - Updater called before beeing initialized
2024-12-12 17:48:45,836 [FATAL] Updater:351 - Updater called before beeing initialized
2024-12-12 17:48:45,836 [FATAL] Updater:351 - Updater called before beeing initialized
2024-12-12 17:48:45,837 [WARN] DetailPanel:346 - Failed to get advertising image, set to default
2024-12-12 17:48:45,839 [FATAL] Updater:351 - Updater called before beeing initialized
2024-12-12 17:48:46,414 [ERROR] Updater:1198 - MainUpdater not yet initialized. External WinMGr cannot be set.
2024-12-12 17:48:46,516 [INFO] Updater:1134 - Updater Version found : 6.13.0
2024-12-12 17:48:46,591 [INFO] ApplicationProperties:184 - Using Application install path: C:\ST\STM32CubeIDE_1.16.1\STM32CubeIDE\plugins\com.st.stm32cube.common.mx_6.13.0.202411220809
2024-12-12 17:48:48,484 [ERROR] LogOutputStream:75 - [STDERR_REDIRECT] Dec 12, 2024 5:48:48 PM java.util.prefs.WindowsPreferences <init>
2024-12-12 17:48:48,494 [ERROR] LogOutputStream:75 - [STDERR_REDIRECT] WARNING: Could not open/create prefs root node Software\JavaSoft\Prefs at root 0xffffffff80000002. Windows RegCreateKeyEx(...) returned error code 5.
2024-12-12 17:48:48,496 [ERROR] LogOutputStream:75 - [STDERR_REDIRECT] 
2024-12-12 17:48:50,071 [INFO] MainUpdater:2872 - connection check result : 10
2024-12-12 17:48:50,072 [INFO] MainUpdater:3566 - Updater definition file requires update
2024-12-12 17:48:50,077 [INFO] MainUpdater:289 - Updater Check For Update Now.
2024-12-12 17:48:50,078 [INFO] MicroXplorer:498 - Change Database Version : DB.6.0.130
2024-12-12 17:48:50,121 [INFO] McuFinderGlobals:63 - Set McuFinder mode to 2 (CubeIDE integrated)
2024-12-12 17:48:50,183 [INFO] UserAuth:486 - Internet connection configuration mode: 1
2024-12-12 17:48:50,261 [INFO] JxBrowserEngine:152 - Initiate JxBrowser Engine with user profile folder
2024-12-12 17:48:50,795 [INFO] ServerAccessManage:473 - Download File updaters.zip
2024-12-12 17:48:51,294 [INFO] FileExtend:240 - Unzip File : updaters.zip
2024-12-12 17:48:51,294 [INFO] FileExtend:255 - Standard Zip Deflate
2024-12-12 17:48:59,234 [INFO] ServerAccessManage:473 - Download File PacksControlFlags.xml
2024-12-12 17:49:01,172 [INFO] ServerAccessManage:473 - Download File cubemx.pidx
2024-12-12 17:49:01,708 [INFO] WebApp:168 - Instantiating new browser for Auth
2024-12-12 17:49:06,426 [INFO] ServerAccessManage:473 - Download File STMicroelectronics.X-CUBE-FREERTOS.pdsc
2024-12-12 17:49:10,814 [INFO] WebApp:449 - Apply proxy settings
2024-12-12 17:49:10,814 [INFO] WebApp:534 - Chromium requires no authentication
2024-12-12 17:49:10,856 [INFO] WebApp:477 - Direct internet connection detected
2024-12-12 17:49:11,076 [INFO] ServerAccessManage:473 - Download File STMicroelectronics.X-CUBE-TCPP.pdsc
2024-12-12 17:49:12,388 [INFO] WebApp:880 - Register for checkConnection events
2024-12-12 17:49:12,388 [INFO] WebApp:449 - Apply proxy settings
2024-12-12 17:49:12,388 [INFO] WebApp:534 - Chromium requires no authentication
2024-12-12 17:49:12,418 [INFO] WebApp:477 - Direct internet connection detected
2024-12-12 17:49:13,859 [INFO] WebApp:187 - Connection restablished
2024-12-12 17:49:15,390 [INFO] WebApp:221 - Starting web application
2024-12-12 17:49:15,390 [INFO] WebApp:579 - Web application path used C:\ST\STM32CubeIDE_1.16.1\STM32CubeIDE\plugins\com.st.stm32cube.common.mx_6.13.0.202411220809\db\plugins\mcufinder\reactClient1\index.html
2024-12-12 17:49:17,897 [WARN] PackLoader:240 - Cannot read IP mode file for STMicroelectronics.X-CUBE-FREERTOS.1.3.0
2024-12-12 17:49:18,017 [WARN] PackLoader:240 - Cannot read IP mode file for STMicroelectronics.X-CUBE-TCPP.4.2.0
2024-12-12 17:49:18,047 [INFO] PopulateThirdPartyThread:66 - Ending populate Thread
2024-12-12 17:49:18,062 [INFO] ThirdParty:1030 - CMSIS Pack Vendor :STMicroelectronics X-CUBE-FREERTOS 1.3.0
2024-12-12 17:49:18,062 [INFO] ThirdParty:1030 - CMSIS Pack Vendor :STMicroelectronics X-CUBE-TCPP 4.2.0
2024-12-12 17:49:18,062 [INFO] LoadServerUpdatesThread:375 - End of LoadServerUpdate Thread
2024-12-12 17:49:18,257 [INFO] CheckServerUpdateThread:120 - End of CheckServer Thread
2024-12-12 17:49:19,800 [INFO] UserAuth:486 - Internet connection configuration mode: 1
2024-12-12 17:55:38,649 [ERROR] LogOutputStream:75 - [STDERR_REDIRECT] 
2024-12-12 17:55:38,651 [ERROR] LogOutputStream:75 - [STDERR_REDIRECT] 
2024-12-12 17:56:34,774 [INFO] Activator:176 - 


2024-12-12 17:56:34,779 [INFO] Activator:177 - !SESSION log4j initialized
2024-12-12 17:56:49,426 [INFO] LogOutputStream:77 - [STDOUT_REDIRECT] 
2024-12-12 17:56:55,778 [INFO] ApplicationProperties:184 - Using Application install path: C:\ST\STM32CubeIDE_1.16.1\STM32CubeIDE\plugins\com.st.stm32cube.common.mx_6.13.0.202411220809
2024-12-12 17:56:55,820 [INFO] DbMcusXml:78 - Set database path to: C:\ST\STM32CubeIDE_1.16.1\STM32CubeIDE\plugins\com.st.stm32cube.common.mx_6.13.0.202411220809\\db\/mcu/
2024-12-12 17:56:55,821 [INFO] ApiDb:274 - Set plugin database path to: C:\ST\STM32CubeIDE_1.16.1\STM32CubeIDE\plugins\com.st.stm32cube.common.mx_6.13.0.202411220809\\db\/plugins/boardmanager/
2024-12-12 17:56:55,822 [WARN] ApiDb:259 - Overriding images path with different value:  => C:\ST\STM32CubeIDE_1.16.1\STM32CubeIDE\plugins\com.st.stm32cube.common.mx_6.13.0.202411220809\\db\/plugins/mcufinder/images/
2024-12-12 17:56:55,843 [INFO] ApiDb:250 - Set database path to: C:\Users\ift70\.stmcufinder\plugins\mcufinder//mcu/
2024-12-12 17:56:55,846 [INFO] DbMcusAds:125 - Set database path to: C:\Users\ift70\.stmcufinder\plugins\mcufinder//mcu/
2024-12-12 17:56:55,853 [INFO] CrossReferenceDbSqlite:203 - Set database path to: C:\Users\ift70\.stmcufinder\plugins\mcufinder//mcu/cs/
2024-12-12 17:56:56,431 [INFO] RulesReader:64 - Compatibility file has been processed (297 Rules)
2024-12-12 17:56:56,742 [INFO] DbMcusXml:78 - Set database path to: C:\ST\STM32CubeIDE_1.16.1\STM32CubeIDE\plugins\com.st.stm32cube.common.mx_6.13.0.202411220809\\db\/mcu/
2024-12-12 17:56:56,744 [INFO] ApiDb:274 - Set plugin database path to: C:\ST\STM32CubeIDE_1.16.1\STM32CubeIDE\plugins\com.st.stm32cube.common.mx_6.13.0.202411220809\\db\/plugins/boardmanager/
2024-12-12 17:56:56,745 [INFO] ApiDb:261 - Set plugin images path to: C:\ST\STM32CubeIDE_1.16.1\STM32CubeIDE\plugins\com.st.stm32cube.common.mx_6.13.0.202411220809\\db\/plugins/mcufinder/images/
2024-12-12 17:56:56,746 [WARN] DbFile:41 - Overriding database path with different value: C:\Users\ift70\.stmcufinder\plugins\mcufinder/ => C:\Users\ift70\.stmcufinder\plugins\mcufinder
2024-12-12 17:56:56,746 [INFO] ApiDb:250 - Set database path to: C:\Users\ift70\.stmcufinder\plugins\mcufinder//mcu/
2024-12-12 17:56:56,746 [WARN] DbFile:41 - Overriding database path with different value: C:\Users\ift70\.stmcufinder\plugins\mcufinder/ => C:\Users\ift70\.stmcufinder\plugins\mcufinder
2024-12-12 17:56:56,747 [INFO] DbMcusAds:125 - Set database path to: C:\Users\ift70\.stmcufinder\plugins\mcufinder//mcu/
2024-12-12 17:56:56,747 [WARN] DbFile:41 - Overriding database path with different value: C:\Users\ift70\.stmcufinder\plugins\mcufinder/ => C:\Users\ift70\.stmcufinder\plugins\mcufinder
2024-12-12 17:56:56,747 [WARN] DbFile:41 - Overriding database path with different value: C:\Users\ift70\.stmcufinder\plugins\mcufinder/ => C:\Users\ift70\.stmcufinder\plugins\mcufinder
2024-12-12 17:56:56,747 [INFO] CrossReferenceDbSqlite:203 - Set database path to: C:\Users\ift70\.stmcufinder\plugins\mcufinder//mcu/cs/
2024-12-12 17:56:56,980 [INFO] MainPanel:272 - HeapMemory: 268435456
2024-12-12 17:56:57,333 [INFO] DbMcusXml:78 - Set database path to: C:\ST\STM32CubeIDE_1.16.1\STM32CubeIDE\plugins\com.st.stm32cube.common.mx_6.13.0.202411220809\\db\/mcu/
2024-12-12 17:56:57,334 [INFO] ApiDb:274 - Set plugin database path to: C:\ST\STM32CubeIDE_1.16.1\STM32CubeIDE\plugins\com.st.stm32cube.common.mx_6.13.0.202411220809\\db\/plugins/boardmanager/
2024-12-12 17:56:57,334 [INFO] ApiDb:261 - Set plugin images path to: C:\ST\STM32CubeIDE_1.16.1\STM32CubeIDE\plugins\com.st.stm32cube.common.mx_6.13.0.202411220809\\db\/plugins/mcufinder/images/
2024-12-12 17:56:57,334 [WARN] DbFile:41 - Overriding database path with different value: C:\Users\ift70\.stmcufinder\plugins\mcufinder/ => C:\Users\ift70\.stmcufinder\plugins\mcufinder
2024-12-12 17:56:57,335 [INFO] ApiDb:250 - Set database path to: C:\Users\ift70\.stmcufinder\plugins\mcufinder//mcu/
2024-12-12 17:56:57,335 [WARN] DbFile:41 - Overriding database path with different value: C:\Users\ift70\.stmcufinder\plugins\mcufinder/ => C:\Users\ift70\.stmcufinder\plugins\mcufinder
2024-12-12 17:56:57,335 [INFO] DbMcusAds:125 - Set database path to: C:\Users\ift70\.stmcufinder\plugins\mcufinder//mcu/
2024-12-12 17:56:57,335 [WARN] DbFile:41 - Overriding database path with different value: C:\Users\ift70\.stmcufinder\plugins\mcufinder/ => C:\Users\ift70\.stmcufinder\plugins\mcufinder
2024-12-12 17:56:57,335 [WARN] DbFile:41 - Overriding database path with different value: C:\Users\ift70\.stmcufinder\plugins\mcufinder/ => C:\Users\ift70\.stmcufinder\plugins\mcufinder
2024-12-12 17:56:57,335 [INFO] CrossReferenceDbSqlite:203 - Set database path to: C:\Users\ift70\.stmcufinder\plugins\mcufinder//mcu/cs/
2024-12-12 17:56:57,402 [INFO] ApplicationProperties:184 - Using Application install path: C:\ST\STM32CubeIDE_1.16.1\STM32CubeIDE\plugins\com.st.stm32cube.common.mx_6.13.0.202411220809
2024-12-12 17:56:57,406 [INFO] PluginManage:196 - Search for loadable plugins [exclusion list=, ]
2024-12-12 17:56:57,416 [INFO] PluginManage:310 - Check plugin analytics
2024-12-12 17:56:58,131 [INFO] AnalyticsPlugin:253 - Accepted Software Licenses: STM32CubeMX.6.12.1,STM32CubeMX.6.13.0
2024-12-12 17:56:58,132 [INFO] AnalyticsPlugin:255 - Accepted CMSIS Pack Licenses: 
2024-12-12 17:56:58,133 [INFO] AnalyticsPlugin:257 - Accepted Firmware Licenses: FW.H7.1.11.0,FW.H7.1.12.0
2024-12-12 17:56:58,149 [INFO] PluginManage:359 - Loaded plugin analytics (category:tool,tabindex:-1)
2024-12-12 17:56:58,151 [INFO] PluginManage:310 - Check plugin cadmodel
2024-12-12 17:56:58,164 [INFO] CADModel:105 - Init CAD model plugin
2024-12-12 17:56:58,164 [INFO] PluginManage:359 - Loaded plugin cadmodel (category:power,tabindex:5)
2024-12-12 17:56:58,166 [INFO] PluginManage:310 - Check plugin clock
2024-12-12 17:56:58,198 [INFO] PluginManage:359 - Loaded plugin clock (category:base,tabindex:2)
2024-12-12 17:56:58,198 [INFO] PluginManage:310 - Check plugin ddr
2024-12-12 17:56:58,205 [INFO] PluginManage:359 - Loaded plugin ddr (category:tool,tabindex:6)
2024-12-12 17:56:58,206 [INFO] PluginManage:310 - Check plugin filemanager
2024-12-12 17:56:58,592 [INFO] PluginManage:359 - Loaded plugin filemanager (category:base,tabindex:10)
2024-12-12 17:56:58,593 [INFO] PluginManage:310 - Check plugin ipmanager
2024-12-12 17:56:58,617 [INFO] PluginManage:359 - Loaded plugin ipmanager (category:base,tabindex:5)
2024-12-12 17:56:58,618 [INFO] PluginManage:310 - Check plugin lpbam
2024-12-12 17:56:58,646 [INFO] PluginManage:359 - Loaded plugin lpbam (category:base,tabindex:0)
2024-12-12 17:56:58,646 [INFO] PluginManage:310 - Check plugin memorymap
2024-12-12 17:56:58,685 [INFO] PluginManage:359 - Loaded plugin memorymap (category:base,tabindex:4)
2024-12-12 17:56:58,686 [INFO] PluginManage:310 - Check plugin pinoutandconfiguration
2024-12-12 17:56:58,708 [INFO] PluginManage:359 - Loaded plugin pinoutandconfiguration (category:base,tabindex:1)
2024-12-12 17:56:58,708 [INFO] PluginManage:310 - Check plugin pinoutconfig
2024-12-12 17:56:59,031 [WARN] SupportedApi:132 - Cannot load RTOS API schema: s4s-elt-must-match.1: The content of 'definitions' must match (annotation?, (simpleType | complexType)?, (unique | key | keyref)*)). A problem was found starting at: attribute.
2024-12-12 17:56:59,775 [INFO] PluginManage:359 - Loaded plugin pinoutconfig (category:base,tabindex:0)
2024-12-12 17:56:59,775 [INFO] PluginManage:310 - Check plugin power
2024-12-12 17:56:59,866 [INFO] PluginManage:359 - Loaded plugin power (category:power,tabindex:4)
2024-12-12 17:56:59,867 [INFO] PluginManage:310 - Check plugin projectmanager
2024-12-12 17:57:00,198 [INFO] PluginManage:359 - Loaded plugin projectmanager (category:projectmanager,tabindex:4)
2024-12-12 17:57:00,198 [INFO] PluginManage:310 - Check plugin rif
2024-12-12 17:57:00,214 [INFO] PluginManage:359 - Loaded plugin rif (category:base,tabindex:3)
2024-12-12 17:57:00,214 [INFO] PluginManage:310 - Check plugin thirdparty
2024-12-12 17:57:00,642 [INFO] PluginManage:359 - Loaded plugin thirdparty (category:base,tabindex:-1)
2024-12-12 17:57:00,643 [INFO] PluginManage:310 - Check plugin tools
2024-12-12 17:57:00,649 [WARN] IntegrityCheckThread:84 - waiting for thirdparty lock release [integrity check]
2024-12-12 17:57:00,650 [INFO] IntegrityCheckThread:86 - entering critical section [integrity check]
2024-12-12 17:57:00,651 [INFO] ThirdPartyUpdaterWithRetryManager:70 - Updater plugin not ready yet. [1/15]
2024-12-12 17:57:00,654 [INFO] PluginManage:359 - Loaded plugin tools (category:base,tabindex:7)
2024-12-12 17:57:00,655 [INFO] PluginManage:310 - Check plugin tutovideos
2024-12-12 17:57:01,305 [INFO] PluginManage:359 - Loaded plugin tutovideos (category:base,tabindex:-1)
2024-12-12 17:57:01,305 [INFO] PluginManage:310 - Check plugin updater
2024-12-12 17:57:01,463 [INFO] PluginManage:359 - Loaded plugin updater (category:base,tabindex:12)
2024-12-12 17:57:01,464 [INFO] PluginManage:310 - Check plugin userauth
2024-12-12 17:57:01,472 [INFO] UserAuth:118 - Init User Auth plugin
2024-12-12 17:57:01,475 [INFO] PluginManage:359 - Loaded plugin userauth (category:base,tabindex:14)
2024-12-12 17:57:01,477 [INFO] PluginManage:283 - PluginManage : Loaded plugins [18]
2024-12-12 17:57:02,464 [INFO] PinOutPanel:1589 - setPackage(No Configuration,No Configuration)
2024-12-12 17:57:02,765 [INFO] CADModel:165 - CPN selected for project level
2024-12-12 17:57:02,765 [INFO] CADModel:114 - Register for checkConnection events
2024-12-12 17:57:02,839 [INFO] IPUIPlugin:80 - create IPUIPlugin
2024-12-12 17:57:02,840 [INFO] PluginManager:220 - loadIPPluginJar : add adc
2024-12-12 17:57:03,249 [INFO] IPUIPlugin:80 - create IPUIPlugin
2024-12-12 17:57:03,255 [INFO] PluginManager:220 - loadIPPluginJar : add aes
2024-12-12 17:57:03,271 [INFO] IPUIPlugin:80 - create IPUIPlugin
2024-12-12 17:57:03,274 [INFO] PluginManager:220 - loadIPPluginJar : add can
2024-12-12 17:57:03,279 [INFO] IPUIPlugin:80 - create IPUIPlugin
2024-12-12 17:57:03,280 [INFO] PluginManager:220 - loadIPPluginJar : add comp
2024-12-12 17:57:03,292 [INFO] IPUIPlugin:80 - create IPUIPlugin
2024-12-12 17:57:03,293 [INFO] PluginManager:220 - loadIPPluginJar : add cryp
2024-12-12 17:57:03,446 [INFO] IPUIPlugin:80 - create IPUIPlugin
2024-12-12 17:57:03,447 [INFO] PluginManager:220 - loadIPPluginJar : add ddr_ctrl_phy
2024-12-12 17:57:03,473 [INFO] IPUIPlugin:80 - create IPUIPlugin
2024-12-12 17:57:03,473 [INFO] PluginManager:220 - loadIPPluginJar : add dfsdm
2024-12-12 17:57:03,491 [INFO] IPUIPlugin:80 - create IPUIPlugin
2024-12-12 17:57:03,492 [INFO] PluginManager:220 - loadIPPluginJar : add dma
2024-12-12 17:57:03,631 [INFO] IPUIPlugin:80 - create IPUIPlugin
2024-12-12 17:57:03,631 [INFO] PluginManager:220 - loadIPPluginJar : add dma3
2024-12-12 17:57:03,639 [INFO] IPUIPlugin:80 - create IPUIPlugin
2024-12-12 17:57:03,639 [INFO] PluginManager:220 - loadIPPluginJar : add extmemmanager
2024-12-12 17:57:03,643 [INFO] IPUIPlugin:80 - create IPUIPlugin
2024-12-12 17:57:03,643 [INFO] PluginManager:220 - loadIPPluginJar : add fatfs
2024-12-12 17:57:03,653 [INFO] IPUIPlugin:80 - create IPUIPlugin
2024-12-12 17:57:03,654 [INFO] PluginManager:220 - loadIPPluginJar : add fmc
2024-12-12 17:57:03,744 [INFO] ThirdPartyUpdaterWithRetryManager:70 - Updater plugin not ready yet. [2/15]
2024-12-12 17:57:03,769 [INFO] IPUIPlugin:80 - create IPUIPlugin
2024-12-12 17:57:03,770 [INFO] PluginManager:220 - loadIPPluginJar : add freertos
2024-12-12 17:57:03,775 [INFO] IPUIPlugin:80 - create IPUIPlugin
2024-12-12 17:57:03,775 [INFO] PluginManager:220 - loadIPPluginJar : add genericplugin
2024-12-12 17:57:03,788 [INFO] IPUIPlugin:80 - create IPUIPlugin
2024-12-12 17:57:03,789 [INFO] PluginManager:220 - loadIPPluginJar : add gfxmmu
2024-12-12 17:57:03,811 [INFO] IPUIPlugin:80 - create IPUIPlugin
2024-12-12 17:57:03,812 [INFO] PluginManager:220 - loadIPPluginJar : add gic
2024-12-12 17:57:03,994 [INFO] IPUIPlugin:80 - create IPUIPlugin
2024-12-12 17:57:03,994 [INFO] PluginManager:220 - loadIPPluginJar : add gpio
2024-12-12 17:57:04,004 [INFO] IPUIPlugin:80 - create IPUIPlugin
2024-12-12 17:57:04,004 [INFO] PluginManager:220 - loadIPPluginJar : add gtzc
2024-12-12 17:57:04,010 [INFO] IPUIPlugin:80 - create IPUIPlugin
2024-12-12 17:57:04,011 [INFO] PluginManager:220 - loadIPPluginJar : add hash
2024-12-12 17:57:04,018 [INFO] IPUIPlugin:80 - create IPUIPlugin
2024-12-12 17:57:04,019 [INFO] PluginManager:220 - loadIPPluginJar : add i2c
2024-12-12 17:57:04,071 [INFO] IPUIPlugin:80 - create IPUIPlugin
2024-12-12 17:57:04,071 [INFO] PluginManager:220 - loadIPPluginJar : add i2s
2024-12-12 17:57:04,092 [INFO] IPUIPlugin:80 - create IPUIPlugin
2024-12-12 17:57:04,093 [INFO] PluginManager:220 - loadIPPluginJar : add i3c
2024-12-12 17:57:04,102 [INFO] IPUIPlugin:80 - create IPUIPlugin
2024-12-12 17:57:04,103 [INFO] PluginManager:220 - loadIPPluginJar : add ipddr
2024-12-12 17:57:04,142 [INFO] IPUIPlugin:80 - create IPUIPlugin
2024-12-12 17:57:04,143 [INFO] PluginManager:220 - loadIPPluginJar : add linkedlist
2024-12-12 17:57:04,168 [INFO] IPUIPlugin:80 - create IPUIPlugin
2024-12-12 17:57:04,169 [INFO] PluginManager:220 - loadIPPluginJar : add lorawan
2024-12-12 17:57:04,173 [INFO] IPUIPlugin:80 - create IPUIPlugin
2024-12-12 17:57:04,174 [INFO] PluginManager:220 - loadIPPluginJar : add ltdc
2024-12-12 17:57:04,304 [INFO] IPUIPlugin:80 - create IPUIPlugin
2024-12-12 17:57:04,305 [INFO] PluginManager:220 - loadIPPluginJar : add mdma
2024-12-12 17:57:04,320 [INFO] IPUIPlugin:80 - create IPUIPlugin
2024-12-12 17:57:04,321 [INFO] PluginManager:220 - loadIPPluginJar : add nvic
2024-12-12 17:57:04,331 [INFO] IPUIPlugin:80 - create IPUIPlugin
2024-12-12 17:57:04,335 [INFO] PluginManager:220 - loadIPPluginJar : add opamp
2024-12-12 17:57:04,490 [INFO] IPUIPlugin:80 - create IPUIPlugin
2024-12-12 17:57:04,490 [INFO] PluginManager:220 - loadIPPluginJar : add openamp
2024-12-12 17:57:04,518 [INFO] IPUIPlugin:80 - create IPUIPlugin
2024-12-12 17:57:04,518 [INFO] PluginManager:220 - loadIPPluginJar : add pdm2pcm
2024-12-12 17:57:04,531 [INFO] IPUIPlugin:80 - create IPUIPlugin
2024-12-12 17:57:04,621 [INFO] PluginManager:220 - loadIPPluginJar : add plateformsettings
2024-12-12 17:57:04,626 [INFO] IPUIPlugin:80 - create IPUIPlugin
2024-12-12 17:57:04,627 [INFO] PluginManager:220 - loadIPPluginJar : add quadspi
2024-12-12 17:57:04,632 [INFO] IPUIPlugin:80 - create IPUIPlugin
2024-12-12 17:57:04,634 [INFO] PluginManager:220 - loadIPPluginJar : add radio
2024-12-12 17:57:04,642 [INFO] IPUIPlugin:80 - create IPUIPlugin
2024-12-12 17:57:04,642 [INFO] PluginManager:220 - loadIPPluginJar : add resmgrutility
2024-12-12 17:57:04,650 [INFO] IPUIPlugin:80 - create IPUIPlugin
2024-12-12 17:57:04,650 [INFO] PluginManager:220 - loadIPPluginJar : add sai
2024-12-12 17:57:04,656 [INFO] IPUIPlugin:80 - create IPUIPlugin
2024-12-12 17:57:04,656 [INFO] PluginManager:220 - loadIPPluginJar : add spi
2024-12-12 17:57:04,688 [INFO] IPUIPlugin:80 - create IPUIPlugin
2024-12-12 17:57:04,688 [INFO] PluginManager:220 - loadIPPluginJar : add stm32_wpan
2024-12-12 17:57:04,693 [INFO] IPUIPlugin:80 - create IPUIPlugin
2024-12-12 17:57:04,693 [INFO] PluginManager:220 - loadIPPluginJar : add tim
2024-12-12 17:57:04,702 [INFO] IPUIPlugin:80 - create IPUIPlugin
2024-12-12 17:57:04,703 [INFO] PluginManager:220 - loadIPPluginJar : add touchsensing
2024-12-12 17:57:04,707 [INFO] IPUIPlugin:80 - create IPUIPlugin
2024-12-12 17:57:04,708 [INFO] PluginManager:220 - loadIPPluginJar : add tracer_emb
2024-12-12 17:57:04,722 [INFO] IPUIPlugin:80 - create IPUIPlugin
2024-12-12 17:57:04,723 [INFO] PluginManager:220 - loadIPPluginJar : add ts
2024-12-12 17:57:04,726 [INFO] IPUIPlugin:80 - create IPUIPlugin
2024-12-12 17:57:04,727 [INFO] PluginManager:220 - loadIPPluginJar : add tsc
2024-12-12 17:57:04,731 [INFO] IPUIPlugin:80 - create IPUIPlugin
2024-12-12 17:57:04,731 [INFO] PluginManager:220 - loadIPPluginJar : add ucpd
2024-12-12 17:57:04,741 [INFO] IPUIPlugin:80 - create IPUIPlugin
2024-12-12 17:57:04,741 [INFO] PluginManager:220 - loadIPPluginJar : add usart
2024-12-12 17:57:04,760 [INFO] IPUIPlugin:80 - create IPUIPlugin
2024-12-12 17:57:04,761 [INFO] PluginManager:220 - loadIPPluginJar : add usbx
2024-12-12 17:57:05,529 [FATAL] Updater:351 - Updater called before beeing initialized
2024-12-12 17:57:06,082 [INFO] RulesReader:64 - Compatibility file has been processed (297 Rules)
2024-12-12 17:57:06,308 [INFO] RulesReader:64 - Compatibility file has been processed (297 Rules)
2024-12-12 17:57:06,379 [INFO] CADModel:165 - CPN selected for project level
2024-12-12 17:57:06,380 [INFO] CADModel:114 - Register for checkConnection events
2024-12-12 17:57:06,380 [FATAL] Updater:351 - Updater called before beeing initialized
2024-12-12 17:57:06,380 [ERROR] CADModel:125 - Updater not yet initialized, retry later 
2024-12-12 17:57:06,864 [INFO] ThirdPartyUpdaterWithRetryManager:70 - Updater plugin not ready yet. [3/15]
2024-12-12 17:57:07,867 [FATAL] Updater:351 - Updater called before beeing initialized
2024-12-12 17:57:07,874 [INFO] CADModel:165 - CPN selected for project level
2024-12-12 17:57:07,875 [INFO] CADModel:114 - Register for checkConnection events
2024-12-12 17:57:07,875 [FATAL] Updater:351 - Updater called before beeing initialized
2024-12-12 17:57:07,875 [ERROR] CADModel:125 - Updater not yet initialized, retry later 
2024-12-12 17:57:07,887 [FATAL] Updater:351 - Updater called before beeing initialized
2024-12-12 17:57:08,785 [FATAL] Updater:351 - Updater called before beeing initialized
2024-12-12 17:57:08,865 [INFO] DbMcusAds:53 - JSON generation date=Fri Sep 20 09:04:23 EDT 2024 (1726837463113)
2024-12-12 17:57:08,873 [FATAL] Updater:351 - Updater called before beeing initialized
2024-12-12 17:57:09,098 [WARN] DetailPanel:346 - Failed to get advertising image, set to default
2024-12-12 17:57:09,866 [FATAL] Updater:351 - Updater called before beeing initialized
2024-12-12 17:57:09,866 [ERROR] IntegrityCheckThread:130 - Cannot retrieve database content from updater: error 21
2024-12-12 17:57:09,874 [INFO] ThirdParty:978 - Integrity check success = false
2024-12-12 17:57:09,874 [INFO] IntegrityCheckThread:100 - exiting critical section [integrity check]
2024-12-12 17:57:09,874 [INFO] IntegrityCheckThread:103 - End integrity checks thread
