FILE_TYPE=LIBRARY_PARTS;
PRIMITIVE 'CMF2.1131.12','CMF2.1131.12_Other';
  PIN
    '1':
      PIN_NUMBER='(1)';
      NO_LOAD_CHECK=BOTH;
      NO_IO_CHECK=BOTH;
      ALLOW_CONNECT=TRUE;
      PINUSE='UNSPEC';
    '2':
      PIN_NUMBER='(2)';
      NO_LOAD_CHECK=BOTH;
      NO_IO_CHECK=BOTH;
      ALLOW_CONNECT=TRUE;
      PINUSE='UNSPEC';
    'L1':
      PIN_NUMBER='(L1)';
      NO_LOAD_CHECK=BOTH;
      NO_IO_CHECK=BOTH;
      ALLOW_CONNECT=TRUE;
      PINUSE='UNSPEC';
    'N1':
      PIN_NUMBER='(N1)';
      NO_LOAD_CHECK=BOTH;
      NO_IO_CHECK=BOTH;
      ALLOW_CONNECT=TRUE;
      PINUSE='UNSPEC';
  END_PIN;
  BODY
    PART_NAME='CMF2.1131.12';
    PHYS_DES_PREFIX='J';
    NO_LOAD_CHECK='TRUE';
    PIN_COUNT='4';
    BODY_NAME='CMF2.1131.12';
    JEDEC_TYPE='CMF2113112';
  END_BODY;
END_PRIMITIVE;
END.
